<?xml version="1.0" encoding="UTF-8"?>
<!-- Generated by org.testng.reporters.JUnitReportReporter -->
<testsuite skipped="0" hostname="DESKTOP-KQ29V9T" name="tESTNG.day1" tests="2" failures="0" timestamp="21 Jul 2022 17:12:03 GMT" time="0.031" errors="0">
  <testcase name="Demo" time="0.016" classname="tESTNG.day1"/>
  <testcase name="Sample" time="0.015" classname="tESTNG.day1"/>
</testsuite> <!-- tESTNG.day1 -->
