<?xml version="1.0" encoding="UTF-8"?>
<!-- Generated by org.testng.reporters.JUnitReportReporter -->
<testsuite skipped="0" hostname="DESKTOP-KQ29V9T" name="tESTNG.day2" tests="6" failures="0" timestamp="22 Jul 2022 16:21:11 GMT" time="0.032" errors="0">
  <testcase name="ApiLogin123" time="0.002" classname="tESTNG.day2"/>
  <testcase name="ApiLogin789" time="0.002" classname="tESTNG.day2"/>
  <testcase name="WebLogin" time="0.002" classname="tESTNG.day2"/>
  <testcase name="MobileLogin" time="0.002" classname="tESTNG.day2"/>
  <testcase name="ApiLogin456" time="0.002" classname="tESTNG.day2"/>
  <testcase name="ApiLogin" time="0.022" classname="tESTNG.day2"/>
</testsuite> <!-- tESTNG.day2 -->
